<?xml version="1.0" encoding="UTF-8"?>
<!-- Generated by org.testng.reporters.JUnitXMLReporter -->
<testsuite hostname="LTNL10070" ignored="0" name="Default test" tests="5" failures="0" timestamp="24 Nov 2019 13:16:03 GMT" time="6.055" errors="0">
  <testcase name="test" time="2.412" classname="DDT.xceltest"/>
  <testcase name="test" time="0.561" classname="DDT.xceltest"/>
  <testcase name="test" time="0.507" classname="DDT.xceltest"/>
  <testcase name="test" time="0.494" classname="DDT.xceltest"/>
  <testcase name="test" time="0.728" classname="DDT.xceltest"/>
</testsuite> <!-- Default test -->
