<?xml version="1.0" encoding="UTF-8"?>
<testng-results skipped="0" failed="1" ignored="0" total="10" passed="9">
  <reporter-output>
  </reporter-output>
  <suite name="testsuite" duration-ms="11520456" started-at="2019-11-28T22:21:37Z" finished-at="2019-11-29T01:33:37Z">
    <groups>
    </groups>
    <test name="tests" duration-ms="11520456" started-at="2019-11-28T22:21:37Z" finished-at="2019-11-29T01:33:37Z">
      <class name="com.employeeapi.testCases.TC_02_GetEmployeeData">
        <test-method status="PASS" signature="setup()[pri:0, instance:com.employeeapi.testCases.TC_02_GetEmployeeData@39c0f4a]" name="setup" is-config="true" duration-ms="13" started-at="2019-11-28T22:21:42Z" finished-at="2019-11-28T22:21:42Z">
          <reporter-output>
          </reporter-output>
        </test-method> <!-- setup -->
        <test-method status="PASS" signature="getemployeedata()[pri:0, instance:com.employeeapi.testCases.TC_02_GetEmployeeData@39c0f4a]" name="getemployeedata" is-config="true" duration-ms="2323" started-at="2019-11-28T22:21:42Z" finished-at="2019-11-28T22:21:44Z">
          <reporter-output>
          </reporter-output>
        </test-method> <!-- getemployeedata -->
        <test-method status="PASS" signature="getResponsebody()[pri:0, instance:com.employeeapi.testCases.TC_02_GetEmployeeData@39c0f4a]" name="getResponsebody" duration-ms="2" started-at="2019-11-28T22:21:44Z" finished-at="2019-11-28T22:21:44Z">
          <reporter-output>
          </reporter-output>
        </test-method> <!-- getResponsebody -->
      </class> <!-- com.employeeapi.testCases.TC_02_GetEmployeeData -->
      <class name="com.employeeapi.testCases.TC_01_GetAllEmployeesData">
        <test-method status="PASS" signature="setup()[pri:0, instance:com.employeeapi.testCases.TC_01_GetAllEmployeesData@7d9d1a19]" name="setup" is-config="true" duration-ms="32" started-at="2019-11-28T22:21:39Z" finished-at="2019-11-28T22:21:39Z">
          <reporter-output>
          </reporter-output>
        </test-method> <!-- setup -->
        <test-method status="PASS" signature="getAllemployess()[pri:0, instance:com.employeeapi.testCases.TC_01_GetAllEmployeesData@7d9d1a19]" name="getAllemployess" is-config="true" duration-ms="3112" started-at="2019-11-28T22:21:39Z" finished-at="2019-11-28T22:21:42Z">
          <reporter-output>
          </reporter-output>
        </test-method> <!-- getAllemployess -->
        <test-method status="PASS" signature="checkResponseBody()[pri:0, instance:com.employeeapi.testCases.TC_01_GetAllEmployeesData@7d9d1a19]" name="checkResponseBody" duration-ms="38" started-at="2019-11-28T22:21:42Z" finished-at="2019-11-28T22:21:42Z">
          <reporter-output>
          </reporter-output>
        </test-method> <!-- checkResponseBody -->
        <test-method status="PASS" signature="checkResponseTime()[pri:0, instance:com.employeeapi.testCases.TC_01_GetAllEmployeesData@7d9d1a19]" name="checkResponseTime" duration-ms="4" started-at="2019-11-28T22:21:42Z" finished-at="2019-11-28T22:21:42Z">
          <reporter-output>
          </reporter-output>
        </test-method> <!-- checkResponseTime -->
        <test-method status="PASS" signature="checkStatusCode()[pri:0, instance:com.employeeapi.testCases.TC_01_GetAllEmployeesData@7d9d1a19]" name="checkStatusCode" duration-ms="3" started-at="2019-11-28T22:21:42Z" finished-at="2019-11-28T22:21:42Z">
          <reporter-output>
          </reporter-output>
        </test-method> <!-- checkStatusCode -->
        <test-method status="PASS" signature="checkStatusLine()[pri:0, instance:com.employeeapi.testCases.TC_01_GetAllEmployeesData@7d9d1a19]" name="checkStatusLine" duration-ms="2" started-at="2019-11-28T22:21:42Z" finished-at="2019-11-28T22:21:42Z">
          <reporter-output>
          </reporter-output>
        </test-method> <!-- checkStatusLine -->
      </class> <!-- com.employeeapi.testCases.TC_01_GetAllEmployeesData -->
      <class name="com.employeeapi.testCases.TC_04_putEmployee">
        <test-method status="PASS" signature="updateEmployee()[pri:0, instance:com.employeeapi.testCases.TC_04_putEmployee@4883b407]" name="updateEmployee" is-config="true" duration-ms="2330" started-at="2019-11-28T22:21:37Z" finished-at="2019-11-28T22:21:39Z">
          <reporter-output>
          </reporter-output>
        </test-method> <!-- updateEmployee -->
        <test-method status="PASS" signature="setup()[pri:0, instance:com.employeeapi.testCases.TC_04_putEmployee@4883b407]" name="setup" is-config="true" duration-ms="20" started-at="2019-11-28T22:21:48Z" finished-at="2019-11-28T22:21:48Z">
          <reporter-output>
          </reporter-output>
        </test-method> <!-- setup -->
        <test-method status="PASS" signature="verifyResponsebody()[pri:0, instance:com.employeeapi.testCases.TC_04_putEmployee@4883b407]" name="verifyResponsebody" duration-ms="3" started-at="2019-11-28T22:21:48Z" finished-at="2019-11-28T22:21:48Z">
          <reporter-output>
          </reporter-output>
        </test-method> <!-- verifyResponsebody -->
      </class> <!-- com.employeeapi.testCases.TC_04_putEmployee -->
      <class name="com.employeeapi.testCases.TC_03_CreateNewEmployee">
        <test-method status="PASS" signature="setup()[pri:0, instance:com.employeeapi.testCases.TC_03_CreateNewEmployee@1794d431]" name="setup" is-config="true" duration-ms="10" started-at="2019-11-28T22:21:44Z" finished-at="2019-11-28T22:21:44Z">
          <reporter-output>
          </reporter-output>
        </test-method> <!-- setup -->
        <test-method status="PASS" signature="createemployee()[pri:0, instance:com.employeeapi.testCases.TC_03_CreateNewEmployee@1794d431]" name="createemployee" is-config="true" duration-ms="3091" started-at="2019-11-28T22:21:44Z" finished-at="2019-11-28T22:21:48Z">
          <reporter-output>
          </reporter-output>
        </test-method> <!-- createemployee -->
        <test-method status="PASS" signature="captureHeaders()[pri:0, instance:com.employeeapi.testCases.TC_03_CreateNewEmployee@1794d431]" name="captureHeaders" duration-ms="7" started-at="2019-11-28T22:21:48Z" finished-at="2019-11-28T22:21:48Z">
          <reporter-output>
          </reporter-output>
        </test-method> <!-- captureHeaders -->
        <test-method status="PASS" signature="captureid()[pri:0, instance:com.employeeapi.testCases.TC_03_CreateNewEmployee@1794d431]" name="captureid" duration-ms="542" started-at="2019-11-28T22:21:48Z" finished-at="2019-11-28T22:21:48Z">
          <reporter-output>
          </reporter-output>
        </test-method> <!-- captureid -->
        <test-method status="PASS" signature="responsebody()[pri:0, instance:com.employeeapi.testCases.TC_03_CreateNewEmployee@1794d431]" name="responsebody" duration-ms="5" started-at="2019-11-28T22:21:48Z" finished-at="2019-11-28T22:21:48Z">
          <reporter-output>
          </reporter-output>
        </test-method> <!-- responsebody -->
        <test-method status="PASS" signature="endlog()[pri:0, instance:com.employeeapi.testCases.TC_03_CreateNewEmployee@1794d431]" name="endlog" is-config="true" duration-ms="16" started-at="2019-11-29T01:33:37Z" finished-at="2019-11-29T01:33:37Z">
          <reporter-output>
          </reporter-output>
        </test-method> <!-- endlog -->
      </class> <!-- com.employeeapi.testCases.TC_03_CreateNewEmployee -->
      <class name="com.employeeapi.testCases.TC_05_DeleteEmployee">
        <test-method status="PASS" signature="setup()[pri:0, instance:com.employeeapi.testCases.TC_05_DeleteEmployee@42e26948]" name="setup" is-config="true" duration-ms="16" started-at="2019-11-28T22:21:48Z" finished-at="2019-11-28T22:21:48Z">
          <reporter-output>
          </reporter-output>
        </test-method> <!-- setup -->
        <test-method status="FAIL" signature="delete()[pri:0, instance:com.employeeapi.testCases.TC_05_DeleteEmployee@42e26948]" name="delete" duration-ms="11508677" started-at="2019-11-28T22:21:48Z" finished-at="2019-11-29T01:33:37Z">
          <exception class="java.net.UnknownHostException">
            <message>
              <![CDATA[dummy.restapiexample.com]]>
            </message>
            <full-stacktrace>
              <![CDATA[java.net.UnknownHostException: dummy.restapiexample.com
at java.net.Inet6AddressImpl.lookupAllHostAddr(Native Method)
at java.net.InetAddress$2.lookupAllHostAddr(Unknown Source)
at java.net.InetAddress.getAddressesFromNameService(Unknown Source)
at java.net.InetAddress.getAllByName0(Unknown Source)
at java.net.InetAddress.getAllByName(Unknown Source)
at java.net.InetAddress.getAllByName(Unknown Source)
at org.apache.http.impl.conn.SystemDefaultDnsResolver.resolve(SystemDefaultDnsResolver.java:45)
at org.apache.http.impl.conn.DefaultClientConnectionOperator.resolveHostname(DefaultClientConnectionOperator.java:263)
at org.apache.http.impl.conn.DefaultClientConnectionOperator.openConnection(DefaultClientConnectionOperator.java:162)
at org.apache.http.impl.conn.ManagedClientConnectionImpl.open(ManagedClientConnectionImpl.java:326)
at org.apache.http.impl.client.DefaultRequestDirector.tryExecute(DefaultRequestDirector.java:673)
at org.apache.http.impl.client.DefaultRequestDirector.execute(DefaultRequestDirector.java:486)
at org.apache.http.impl.client.AbstractHttpClient.doExecute(AbstractHttpClient.java:835)
at org.apache.http.impl.client.CloseableHttpClient.execute(CloseableHttpClient.java:83)
at org.apache.http.impl.client.CloseableHttpClient.execute(CloseableHttpClient.java:56)
at org.apache.http.client.HttpClient$execute$0.call(Unknown Source)
at org.codehaus.groovy.runtime.callsite.CallSiteArray.defaultCall(CallSiteArray.java:47)
at org.apache.http.client.HttpClient$execute$0.call(Unknown Source)
at io.restassured.internal.RequestSpecificationImpl$RestAssuredHttpBuilder.doRequest(RequestSpecificationImpl.groovy:2146)
at io.restassured.internal.http.HTTPBuilder.doRequest(HTTPBuilder.java:494)
at io.restassured.internal.http.HTTPBuilder.request(HTTPBuilder.java:451)
at io.restassured.internal.http.HTTPBuilder$request$2.call(Unknown Source)
at io.restassured.internal.RequestSpecificationImpl.sendHttpRequest(RequestSpecificationImpl.groovy:1544)
at sun.reflect.GeneratedMethodAccessor126.invoke(Unknown Source)
at sun.reflect.DelegatingMethodAccessorImpl.invoke(Unknown Source)
at java.lang.reflect.Method.invoke(Unknown Source)
at org.codehaus.groovy.reflection.CachedMethod.invoke(CachedMethod.java:98)
at groovy.lang.MetaMethod.doMethodInvoke(MetaMethod.java:325)
at groovy.lang.MetaClassImpl.invokeMethod(MetaClassImpl.java:1225)
at groovy.lang.MetaClassImpl.invokeMethod(MetaClassImpl.java:1034)
at groovy.lang.MetaClassImpl.invokeMethod(MetaClassImpl.java:822)
at io.restassured.internal.RequestSpecificationImpl.invokeMethod(RequestSpecificationImpl.groovy)
at org.codehaus.groovy.runtime.callsite.PogoInterceptableSite.call(PogoInterceptableSite.java:47)
at org.codehaus.groovy.runtime.callsite.PogoInterceptableSite.callCurrent(PogoInterceptableSite.java:57)
at io.restassured.internal.RequestSpecificationImpl.sendRequest(RequestSpecificationImpl.groovy:1293)
at sun.reflect.GeneratedMethodAccessor80.invoke(Unknown Source)
at sun.reflect.DelegatingMethodAccessorImpl.invoke(Unknown Source)
at java.lang.reflect.Method.invoke(Unknown Source)
at org.codehaus.groovy.reflection.CachedMethod.invoke(CachedMethod.java:98)
at groovy.lang.MetaMethod.doMethodInvoke(MetaMethod.java:325)
at groovy.lang.MetaClassImpl.invokeMethod(MetaClassImpl.java:1225)
at groovy.lang.MetaClassImpl.invokeMethod(MetaClassImpl.java:1034)
at groovy.lang.MetaClassImpl.invokeMethod(MetaClassImpl.java:822)
at io.restassured.internal.RequestSpecificationImpl.invokeMethod(RequestSpecificationImpl.groovy)
at org.codehaus.groovy.runtime.callsite.PogoInterceptableSite.call(PogoInterceptableSite.java:47)
at org.codehaus.groovy.runtime.callsite.AbstractCallSite.call(AbstractCallSite.java:152)
at io.restassured.internal.filter.SendRequestFilter.filter(SendRequestFilter.groovy:30)
at io.restassured.filter.Filter$filter$0.call(Unknown Source)
at org.codehaus.groovy.runtime.callsite.CallSiteArray.defaultCall(CallSiteArray.java:47)
at io.restassured.filter.Filter$filter.call(Unknown Source)
at io.restassured.internal.filter.FilterContextImpl.next(FilterContextImpl.groovy:72)
at io.restassured.filter.time.TimingFilter.filter(TimingFilter.java:56)
at io.restassured.filter.Filter$filter.call(Unknown Source)
at org.codehaus.groovy.runtime.callsite.CallSiteArray.defaultCall(CallSiteArray.java:47)
at io.restassured.filter.Filter$filter$0.call(Unknown Source)
at io.restassured.internal.filter.FilterContextImpl.next(FilterContextImpl.groovy:72)
at io.restassured.filter.FilterContext$next.call(Unknown Source)
at io.restassured.internal.RequestSpecificationImpl.applyPathParamsAndSendRequest(RequestSpecificationImpl.groovy:1749)
at sun.reflect.GeneratedMethodAccessor74.invoke(Unknown Source)
at sun.reflect.DelegatingMethodAccessorImpl.invoke(Unknown Source)
at java.lang.reflect.Method.invoke(Unknown Source)
at org.codehaus.groovy.reflection.CachedMethod.invoke(CachedMethod.java:98)
at groovy.lang.MetaMethod.doMethodInvoke(MetaMethod.java:325)
at groovy.lang.MetaClassImpl.invokeMethod(MetaClassImpl.java:1225)
at groovy.lang.MetaClassImpl.invokeMethod(MetaClassImpl.java:1034)
at groovy.lang.MetaClassImpl.invokeMethod(MetaClassImpl.java:822)
at io.restassured.internal.RequestSpecificationImpl.invokeMethod(RequestSpecificationImpl.groovy)
at org.codehaus.groovy.runtime.callsite.PogoInterceptableSite.call(PogoInterceptableSite.java:47)
at org.codehaus.groovy.runtime.callsite.PogoInterceptableSite.callCurrent(PogoInterceptableSite.java:57)
at org.codehaus.groovy.runtime.callsite.AbstractCallSite.callCurrent(AbstractCallSite.java:185)
at io.restassured.internal.RequestSpecificationImpl.request(RequestSpecificationImpl.groovy:295)
at io.restassured.internal.RequestSpecificationImpl.request(RequestSpecificationImpl.groovy)
at sun.reflect.GeneratedMethodAccessor73.invoke(Unknown Source)
at sun.reflect.DelegatingMethodAccessorImpl.invoke(Unknown Source)
at java.lang.reflect.Method.invoke(Unknown Source)
at org.codehaus.groovy.reflection.CachedMethod.invoke(CachedMethod.java:98)
at groovy.lang.MetaMethod.doMethodInvoke(MetaMethod.java:325)
at groovy.lang.MetaClassImpl.invokeMethod(MetaClassImpl.java:1225)
at groovy.lang.MetaClassImpl.invokeMethod(MetaClassImpl.java:1034)
at groovy.lang.MetaClassImpl.invokeMethod(MetaClassImpl.java:822)
at io.restassured.internal.RequestSpecificationImpl.invokeMethod(RequestSpecificationImpl.groovy)
at org.codehaus.groovy.runtime.callsite.PogoInterceptableSite.call(PogoInterceptableSite.java:47)
at org.codehaus.groovy.runtime.callsite.PogoInterceptableSite.callCurrent(PogoInterceptableSite.java:57)
at org.codehaus.groovy.runtime.callsite.AbstractCallSite.callCurrent(AbstractCallSite.java:185)
at io.restassured.internal.RequestSpecificationImpl.request(RequestSpecificationImpl.groovy:291)
at io.restassured.internal.RequestSpecificationImpl.request(RequestSpecificationImpl.groovy)
at com.employeeapi.testCases.TC_05_DeleteEmployee.delete(TC_05_DeleteEmployee.java:20)
at sun.reflect.NativeMethodAccessorImpl.invoke0(Native Method)
at sun.reflect.NativeMethodAccessorImpl.invoke(Unknown Source)
at sun.reflect.DelegatingMethodAccessorImpl.invoke(Unknown Source)
at java.lang.reflect.Method.invoke(Unknown Source)
at org.testng.internal.MethodInvocationHelper.invokeMethod(MethodInvocationHelper.java:124)
at org.testng.internal.Invoker.invokeMethod(Invoker.java:583)
at org.testng.internal.Invoker.invokeTestMethod(Invoker.java:719)
at org.testng.internal.Invoker.invokeTestMethods(Invoker.java:989)
at org.testng.internal.TestMethodWorker.invokeTestMethods(TestMethodWorker.java:125)
at org.testng.internal.TestMethodWorker.run(TestMethodWorker.java:109)
at org.testng.TestRunner.privateRun(TestRunner.java:648)
at org.testng.TestRunner.run(TestRunner.java:505)
at org.testng.SuiteRunner.runTest(SuiteRunner.java:455)
at org.testng.SuiteRunner.runSequentially(SuiteRunner.java:450)
at org.testng.SuiteRunner.privateRun(SuiteRunner.java:415)
at org.testng.SuiteRunner.run(SuiteRunner.java:364)
at org.testng.SuiteRunnerWorker.runSuite(SuiteRunnerWorker.java:52)
at org.testng.SuiteRunnerWorker.run(SuiteRunnerWorker.java:84)
at org.testng.TestNG.runSuitesSequentially(TestNG.java:1208)
at org.testng.TestNG.runSuitesLocally(TestNG.java:1137)
at org.testng.TestNG.runSuites(TestNG.java:1049)
at org.testng.TestNG.run(TestNG.java:1017)
at org.testng.remote.AbstractRemoteTestNG.run(AbstractRemoteTestNG.java:115)
at org.testng.remote.RemoteTestNG.initAndRun(RemoteTestNG.java:251)
at org.testng.remote.RemoteTestNG.main(RemoteTestNG.java:77)
]]>
            </full-stacktrace>
          </exception> <!-- java.net.UnknownHostException -->
          <reporter-output>
          </reporter-output>
        </test-method> <!-- delete -->
      </class> <!-- com.employeeapi.testCases.TC_05_DeleteEmployee -->
    </test> <!-- tests -->
  </suite> <!-- testsuite -->
</testng-results>
